{"date":"Fri Jan 31 2025 14:36:00 GMT+0800 (Philippine Standard Time)","error":{"diagnosticCodes":[2305]},"exception":true,"level":"error","message":"uncaughtException: ⨯ Unable to compile TypeScript:\n\u001b[96mservices/dashboard.services.ts\u001b[0m:\u001b[93m3\u001b[0m:\u001b[93m10\u001b[0m - \u001b[91merror\u001b[0m\u001b[90m TS2305: \u001b[0mModule '\"../models\"' has no exported member 'KeyValue'.\r\n\r\n\u001b[7m3\u001b[0m import { KeyValue } from \"../models\";\r\n\u001b[7m \u001b[0m \u001b[91m         ~~~~~~~~\u001b[0m\r\n\nTSError: ⨯ Unable to compile TypeScript:\n\u001b[96mservices/dashboard.services.ts\u001b[0m:\u001b[93m3\u001b[0m:\u001b[93m10\u001b[0m - \u001b[91merror\u001b[0m\u001b[90m TS2305: \u001b[0mModule '\"../models\"' has no exported member 'KeyValue'.\r\n\r\n\u001b[7m3\u001b[0m import { KeyValue } from \"../models\";\r\n\u001b[7m \u001b[0m \u001b[91m         ~~~~~~~~\u001b[0m\r\n\n    at createTSError (C:\\testify-api\\node_modules\\ts-node\\src\\index.ts:859:12)\n    at reportTSError (C:\\testify-api\\node_modules\\ts-node\\src\\index.ts:863:19)\n    at getOutput (C:\\testify-api\\node_modules\\ts-node\\src\\index.ts:1077:36)\n    at Object.compile (C:\\testify-api\\node_modules\\ts-node\\src\\index.ts:1433:41)\n    at Module.m._compile (C:\\testify-api\\node_modules\\ts-node\\src\\index.ts:1617:30)\n    at Module._extensions..js (node:internal/modules/cjs/loader:1416:10)\n    at Object.require.extensions.<computed> [as .ts] (C:\\testify-api\\node_modules\\ts-node\\src\\index.ts:1621:12)\n    at Module.load (node:internal/modules/cjs/loader:1208:32)\n    at Function.Module._load (node:internal/modules/cjs/loader:1024:12)\n    at Module.require (node:internal/modules/cjs/loader:1233:19)","os":{"loadavg":[0,0,0],"uptime":7939821.531},"process":{"argv":["C:\\testify-api\\node_modules\\ts-node\\dist\\bin.js","C:\\testify-api\\app.ts"],"cwd":"C:\\testify-api","execPath":"C:\\Program Files\\nodejs\\node.exe","gid":null,"memoryUsage":{"arrayBuffers":4655231,"external":7517235,"heapTotal":230510592,"heapUsed":197595560,"rss":272191488},"pid":36772,"uid":null,"version":"v20.16.0"},"stack":"TSError: ⨯ Unable to compile TypeScript:\n\u001b[96mservices/dashboard.services.ts\u001b[0m:\u001b[93m3\u001b[0m:\u001b[93m10\u001b[0m - \u001b[91merror\u001b[0m\u001b[90m TS2305: \u001b[0mModule '\"../models\"' has no exported member 'KeyValue'.\r\n\r\n\u001b[7m3\u001b[0m import { KeyValue } from \"../models\";\r\n\u001b[7m \u001b[0m \u001b[91m         ~~~~~~~~\u001b[0m\r\n\n    at createTSError (C:\\testify-api\\node_modules\\ts-node\\src\\index.ts:859:12)\n    at reportTSError (C:\\testify-api\\node_modules\\ts-node\\src\\index.ts:863:19)\n    at getOutput (C:\\testify-api\\node_modules\\ts-node\\src\\index.ts:1077:36)\n    at Object.compile (C:\\testify-api\\node_modules\\ts-node\\src\\index.ts:1433:41)\n    at Module.m._compile (C:\\testify-api\\node_modules\\ts-node\\src\\index.ts:1617:30)\n    at Module._extensions..js (node:internal/modules/cjs/loader:1416:10)\n    at Object.require.extensions.<computed> [as .ts] (C:\\testify-api\\node_modules\\ts-node\\src\\index.ts:1621:12)\n    at Module.load (node:internal/modules/cjs/loader:1208:32)\n    at Function.Module._load (node:internal/modules/cjs/loader:1024:12)\n    at Module.require (node:internal/modules/cjs/loader:1233:19)","timestamp":"2025-01-31T06:36:00.778Z","trace":[{"column":12,"file":"C:\\testify-api\\node_modules\\ts-node\\src\\index.ts","function":"createTSError","line":859,"method":null,"native":false},{"column":19,"file":"C:\\testify-api\\node_modules\\ts-node\\src\\index.ts","function":"reportTSError","line":863,"method":null,"native":false},{"column":36,"file":"C:\\testify-api\\node_modules\\ts-node\\src\\index.ts","function":"getOutput","line":1077,"method":null,"native":false},{"column":41,"file":"C:\\testify-api\\node_modules\\ts-node\\src\\index.ts","function":"Object.compile","line":1433,"method":"compile","native":false},{"column":30,"file":"C:\\testify-api\\node_modules\\ts-node\\src\\index.ts","function":"Module.m._compile","line":1617,"method":"_compile","native":false},{"column":10,"file":"node:internal/modules/cjs/loader","function":"Module._extensions..js","line":1416,"method":".js","native":false},{"column":12,"file":"C:\\testify-api\\node_modules\\ts-node\\src\\index.ts","function":"Object.require.extensions.<computed> [as .ts]","line":1621,"method":"ts]","native":false},{"column":32,"file":"node:internal/modules/cjs/loader","function":"Module.load","line":1208,"method":"load","native":false},{"column":12,"file":"node:internal/modules/cjs/loader","function":"Module._load","line":1024,"method":"_load","native":false},{"column":19,"file":"node:internal/modules/cjs/loader","function":"Module.require","line":1233,"method":"require","native":false}]}
{"date":"Fri Jan 31 2025 14:36:04 GMT+0800 (Philippine Standard Time)","error":{"diagnosticCodes":[2305]},"exception":true,"level":"error","message":"uncaughtException: ⨯ Unable to compile TypeScript:\n\u001b[96mservices/dashboard.services.ts\u001b[0m:\u001b[93m3\u001b[0m:\u001b[93m10\u001b[0m - \u001b[91merror\u001b[0m\u001b[90m TS2305: \u001b[0mModule '\"../models\"' has no exported member 'KeyValue'.\r\n\r\n\u001b[7m3\u001b[0m import { KeyValue } from \"../models\";\r\n\u001b[7m \u001b[0m \u001b[91m         ~~~~~~~~\u001b[0m\r\n\nTSError: ⨯ Unable to compile TypeScript:\n\u001b[96mservices/dashboard.services.ts\u001b[0m:\u001b[93m3\u001b[0m:\u001b[93m10\u001b[0m - \u001b[91merror\u001b[0m\u001b[90m TS2305: \u001b[0mModule '\"../models\"' has no exported member 'KeyValue'.\r\n\r\n\u001b[7m3\u001b[0m import { KeyValue } from \"../models\";\r\n\u001b[7m \u001b[0m \u001b[91m         ~~~~~~~~\u001b[0m\r\n\n    at createTSError (C:\\testify-api\\node_modules\\ts-node\\src\\index.ts:859:12)\n    at reportTSError (C:\\testify-api\\node_modules\\ts-node\\src\\index.ts:863:19)\n    at getOutput (C:\\testify-api\\node_modules\\ts-node\\src\\index.ts:1077:36)\n    at Object.compile (C:\\testify-api\\node_modules\\ts-node\\src\\index.ts:1433:41)\n    at Module.m._compile (C:\\testify-api\\node_modules\\ts-node\\src\\index.ts:1617:30)\n    at Module._extensions..js (node:internal/modules/cjs/loader:1416:10)\n    at Object.require.extensions.<computed> [as .ts] (C:\\testify-api\\node_modules\\ts-node\\src\\index.ts:1621:12)\n    at Module.load (node:internal/modules/cjs/loader:1208:32)\n    at Function.Module._load (node:internal/modules/cjs/loader:1024:12)\n    at Module.require (node:internal/modules/cjs/loader:1233:19)","os":{"loadavg":[0,0,0],"uptime":7939825.25},"process":{"argv":["C:\\testify-api\\node_modules\\ts-node\\dist\\bin.js","C:\\testify-api\\app.ts"],"cwd":"C:\\testify-api","execPath":"C:\\Program Files\\nodejs\\node.exe","gid":null,"memoryUsage":{"arrayBuffers":4655167,"external":7517171,"heapTotal":230248448,"heapUsed":199608808,"rss":271212544},"pid":42196,"uid":null,"version":"v20.16.0"},"stack":"TSError: ⨯ Unable to compile TypeScript:\n\u001b[96mservices/dashboard.services.ts\u001b[0m:\u001b[93m3\u001b[0m:\u001b[93m10\u001b[0m - \u001b[91merror\u001b[0m\u001b[90m TS2305: \u001b[0mModule '\"../models\"' has no exported member 'KeyValue'.\r\n\r\n\u001b[7m3\u001b[0m import { KeyValue } from \"../models\";\r\n\u001b[7m \u001b[0m \u001b[91m         ~~~~~~~~\u001b[0m\r\n\n    at createTSError (C:\\testify-api\\node_modules\\ts-node\\src\\index.ts:859:12)\n    at reportTSError (C:\\testify-api\\node_modules\\ts-node\\src\\index.ts:863:19)\n    at getOutput (C:\\testify-api\\node_modules\\ts-node\\src\\index.ts:1077:36)\n    at Object.compile (C:\\testify-api\\node_modules\\ts-node\\src\\index.ts:1433:41)\n    at Module.m._compile (C:\\testify-api\\node_modules\\ts-node\\src\\index.ts:1617:30)\n    at Module._extensions..js (node:internal/modules/cjs/loader:1416:10)\n    at Object.require.extensions.<computed> [as .ts] (C:\\testify-api\\node_modules\\ts-node\\src\\index.ts:1621:12)\n    at Module.load (node:internal/modules/cjs/loader:1208:32)\n    at Function.Module._load (node:internal/modules/cjs/loader:1024:12)\n    at Module.require (node:internal/modules/cjs/loader:1233:19)","timestamp":"2025-01-31T06:36:04.499Z","trace":[{"column":12,"file":"C:\\testify-api\\node_modules\\ts-node\\src\\index.ts","function":"createTSError","line":859,"method":null,"native":false},{"column":19,"file":"C:\\testify-api\\node_modules\\ts-node\\src\\index.ts","function":"reportTSError","line":863,"method":null,"native":false},{"column":36,"file":"C:\\testify-api\\node_modules\\ts-node\\src\\index.ts","function":"getOutput","line":1077,"method":null,"native":false},{"column":41,"file":"C:\\testify-api\\node_modules\\ts-node\\src\\index.ts","function":"Object.compile","line":1433,"method":"compile","native":false},{"column":30,"file":"C:\\testify-api\\node_modules\\ts-node\\src\\index.ts","function":"Module.m._compile","line":1617,"method":"_compile","native":false},{"column":10,"file":"node:internal/modules/cjs/loader","function":"Module._extensions..js","line":1416,"method":".js","native":false},{"column":12,"file":"C:\\testify-api\\node_modules\\ts-node\\src\\index.ts","function":"Object.require.extensions.<computed> [as .ts]","line":1621,"method":"ts]","native":false},{"column":32,"file":"node:internal/modules/cjs/loader","function":"Module.load","line":1208,"method":"load","native":false},{"column":12,"file":"node:internal/modules/cjs/loader","function":"Module._load","line":1024,"method":"_load","native":false},{"column":19,"file":"node:internal/modules/cjs/loader","function":"Module.require","line":1233,"method":"require","native":false}]}
{"date":"Fri Jan 31 2025 14:36:38 GMT+0800 (Philippine Standard Time)","error":{"diagnosticCodes":[2339,2339,7006,7006,7006,7006]},"exception":true,"level":"error","message":"uncaughtException: ⨯ Unable to compile TypeScript:\n\u001b[96mcontrollers/dashboard.controller.ts\u001b[0m:\u001b[93m17\u001b[0m:\u001b[93m24\u001b[0m - \u001b[91merror\u001b[0m\u001b[90m TS2339: \u001b[0mProperty 'getRegisteredExaminee' does not exist on type 'typeof import(\"C:/testify-api/services/dashboard.services\")'.\r\n\r\n\u001b[7m17\u001b[0m       dashboardService.getRegisteredExaminee(),\r\n\u001b[7m  \u001b[0m \u001b[91m                       ~~~~~~~~~~~~~~~~~~~~~\u001b[0m\r\n\u001b[96mcontrollers/dashboard.controller.ts\u001b[0m:\u001b[93m18\u001b[0m:\u001b[93m24\u001b[0m - \u001b[91merror\u001b[0m\u001b[90m TS2339: \u001b[0mProperty 'getCompletedExaminees' does not exist on type 'typeof import(\"C:/testify-api/services/dashboard.services\")'.\r\n\r\n\u001b[7m18\u001b[0m       dashboardService.getCompletedExaminees(),\r\n\u001b[7m  \u001b[0m \u001b[91m                       ~~~~~~~~~~~~~~~~~~~~~\u001b[0m\r\n\u001b[96mcontrollers/dashboard.controller.ts\u001b[0m:\u001b[93m26\u001b[0m:\u001b[93m49\u001b[0m - \u001b[91merror\u001b[0m\u001b[90m TS7006: \u001b[0mParameter 'a' implicitly has an 'any' type.\r\n\r\n\u001b[7m26\u001b[0m     const regCount = registeredExaminee.reduce((a, b) => a + b.value, 0);\r\n\u001b[7m  \u001b[0m \u001b[91m                                                ~\u001b[0m\r\n\u001b[96mcontrollers/dashboard.controller.ts\u001b[0m:\u001b[93m26\u001b[0m:\u001b[93m52\u001b[0m - \u001b[91merror\u001b[0m\u001b[90m TS7006: \u001b[0mParameter 'b' implicitly has an 'any' type.\r\n\r\n\u001b[7m26\u001b[0m     const regCount = registeredExaminee.reduce((a, b) => a + b.value, 0);\r\n\u001b[7m  \u001b[0m \u001b[91m                                                   ~\u001b[0m\r\n\u001b[96mcontrollers/dashboard.controller.ts\u001b[0m:\u001b[93m27\u001b[0m:\u001b[93m47\u001b[0m - \u001b[91merror\u001b[0m\u001b[90m TS7006: \u001b[0mParameter 'a' implicitly has an 'any' type.\r\n\r\n\u001b[7m27\u001b[0m     const comCount = completeExaminee.reduce((a, b) => a + b.value, 0);\r\n\u001b[7m  \u001b[0m \u001b[91m                                              ~\u001b[0m\r\n\u001b[96mcontrollers/dashboard.controller.ts\u001b[0m:\u001b[93m27\u001b[0m:\u001b[93m50\u001b[0m - \u001b[91merror\u001b[0m\u001b[90m TS7006: \u001b[0mParameter 'b' implicitly has an 'any' type.\r\n\r\n\u001b[7m27\u001b[0m     const comCount = completeExaminee.reduce((a, b) => a + b.value, 0);\r\n\u001b[7m  \u001b[0m \u001b[91m                                                 ~\u001b[0m\r\n\nTSError: ⨯ Unable to compile TypeScript:\n\u001b[96mcontrollers/dashboard.controller.ts\u001b[0m:\u001b[93m17\u001b[0m:\u001b[93m24\u001b[0m - \u001b[91merror\u001b[0m\u001b[90m TS2339: \u001b[0mProperty 'getRegisteredExaminee' does not exist on type 'typeof import(\"C:/testify-api/services/dashboard.services\")'.\r\n\r\n\u001b[7m17\u001b[0m       dashboardService.getRegisteredExaminee(),\r\n\u001b[7m  \u001b[0m \u001b[91m                       ~~~~~~~~~~~~~~~~~~~~~\u001b[0m\r\n\u001b[96mcontrollers/dashboard.controller.ts\u001b[0m:\u001b[93m18\u001b[0m:\u001b[93m24\u001b[0m - \u001b[91merror\u001b[0m\u001b[90m TS2339: \u001b[0mProperty 'getCompletedExaminees' does not exist on type 'typeof import(\"C:/testify-api/services/dashboard.services\")'.\r\n\r\n\u001b[7m18\u001b[0m       dashboardService.getCompletedExaminees(),\r\n\u001b[7m  \u001b[0m \u001b[91m                       ~~~~~~~~~~~~~~~~~~~~~\u001b[0m\r\n\u001b[96mcontrollers/dashboard.controller.ts\u001b[0m:\u001b[93m26\u001b[0m:\u001b[93m49\u001b[0m - \u001b[91merror\u001b[0m\u001b[90m TS7006: \u001b[0mParameter 'a' implicitly has an 'any' type.\r\n\r\n\u001b[7m26\u001b[0m     const regCount = registeredExaminee.reduce((a, b) => a + b.value, 0);\r\n\u001b[7m  \u001b[0m \u001b[91m                                                ~\u001b[0m\r\n\u001b[96mcontrollers/dashboard.controller.ts\u001b[0m:\u001b[93m26\u001b[0m:\u001b[93m52\u001b[0m - \u001b[91merror\u001b[0m\u001b[90m TS7006: \u001b[0mParameter 'b' implicitly has an 'any' type.\r\n\r\n\u001b[7m26\u001b[0m     const regCount = registeredExaminee.reduce((a, b) => a + b.value, 0);\r\n\u001b[7m  \u001b[0m \u001b[91m                                                   ~\u001b[0m\r\n\u001b[96mcontrollers/dashboard.controller.ts\u001b[0m:\u001b[93m27\u001b[0m:\u001b[93m47\u001b[0m - \u001b[91merror\u001b[0m\u001b[90m TS7006: \u001b[0mParameter 'a' implicitly has an 'any' type.\r\n\r\n\u001b[7m27\u001b[0m     const comCount = completeExaminee.reduce((a, b) => a + b.value, 0);\r\n\u001b[7m  \u001b[0m \u001b[91m                                              ~\u001b[0m\r\n\u001b[96mcontrollers/dashboard.controller.ts\u001b[0m:\u001b[93m27\u001b[0m:\u001b[93m50\u001b[0m - \u001b[91merror\u001b[0m\u001b[90m TS7006: \u001b[0mParameter 'b' implicitly has an 'any' type.\r\n\r\n\u001b[7m27\u001b[0m     const comCount = completeExaminee.reduce((a, b) => a + b.value, 0);\r\n\u001b[7m  \u001b[0m \u001b[91m                                                 ~\u001b[0m\r\n\n    at createTSError (C:\\testify-api\\node_modules\\ts-node\\src\\index.ts:859:12)\n    at reportTSError (C:\\testify-api\\node_modules\\ts-node\\src\\index.ts:863:19)\n    at getOutput (C:\\testify-api\\node_modules\\ts-node\\src\\index.ts:1077:36)\n    at Object.compile (C:\\testify-api\\node_modules\\ts-node\\src\\index.ts:1433:41)\n    at Module.m._compile (C:\\testify-api\\node_modules\\ts-node\\src\\index.ts:1617:30)\n    at Module._extensions..js (node:internal/modules/cjs/loader:1416:10)\n    at Object.require.extensions.<computed> [as .ts] (C:\\testify-api\\node_modules\\ts-node\\src\\index.ts:1621:12)\n    at Module.load (node:internal/modules/cjs/loader:1208:32)\n    at Function.Module._load (node:internal/modules/cjs/loader:1024:12)\n    at Module.require (node:internal/modules/cjs/loader:1233:19)","os":{"loadavg":[0,0,0],"uptime":7939858.812},"process":{"argv":["C:\\testify-api\\node_modules\\ts-node\\dist\\bin.js","C:\\testify-api\\app.ts"],"cwd":"C:\\testify-api","execPath":"C:\\Program Files\\nodejs\\node.exe","gid":null,"memoryUsage":{"arrayBuffers":4647119,"external":7529094,"heapTotal":229986304,"heapUsed":196902272,"rss":270229504},"pid":34872,"uid":null,"version":"v20.16.0"},"stack":"TSError: ⨯ Unable to compile TypeScript:\n\u001b[96mcontrollers/dashboard.controller.ts\u001b[0m:\u001b[93m17\u001b[0m:\u001b[93m24\u001b[0m - \u001b[91merror\u001b[0m\u001b[90m TS2339: \u001b[0mProperty 'getRegisteredExaminee' does not exist on type 'typeof import(\"C:/testify-api/services/dashboard.services\")'.\r\n\r\n\u001b[7m17\u001b[0m       dashboardService.getRegisteredExaminee(),\r\n\u001b[7m  \u001b[0m \u001b[91m                       ~~~~~~~~~~~~~~~~~~~~~\u001b[0m\r\n\u001b[96mcontrollers/dashboard.controller.ts\u001b[0m:\u001b[93m18\u001b[0m:\u001b[93m24\u001b[0m - \u001b[91merror\u001b[0m\u001b[90m TS2339: \u001b[0mProperty 'getCompletedExaminees' does not exist on type 'typeof import(\"C:/testify-api/services/dashboard.services\")'.\r\n\r\n\u001b[7m18\u001b[0m       dashboardService.getCompletedExaminees(),\r\n\u001b[7m  \u001b[0m \u001b[91m                       ~~~~~~~~~~~~~~~~~~~~~\u001b[0m\r\n\u001b[96mcontrollers/dashboard.controller.ts\u001b[0m:\u001b[93m26\u001b[0m:\u001b[93m49\u001b[0m - \u001b[91merror\u001b[0m\u001b[90m TS7006: \u001b[0mParameter 'a' implicitly has an 'any' type.\r\n\r\n\u001b[7m26\u001b[0m     const regCount = registeredExaminee.reduce((a, b) => a + b.value, 0);\r\n\u001b[7m  \u001b[0m \u001b[91m                                                ~\u001b[0m\r\n\u001b[96mcontrollers/dashboard.controller.ts\u001b[0m:\u001b[93m26\u001b[0m:\u001b[93m52\u001b[0m - \u001b[91merror\u001b[0m\u001b[90m TS7006: \u001b[0mParameter 'b' implicitly has an 'any' type.\r\n\r\n\u001b[7m26\u001b[0m     const regCount = registeredExaminee.reduce((a, b) => a + b.value, 0);\r\n\u001b[7m  \u001b[0m \u001b[91m                                                   ~\u001b[0m\r\n\u001b[96mcontrollers/dashboard.controller.ts\u001b[0m:\u001b[93m27\u001b[0m:\u001b[93m47\u001b[0m - \u001b[91merror\u001b[0m\u001b[90m TS7006: \u001b[0mParameter 'a' implicitly has an 'any' type.\r\n\r\n\u001b[7m27\u001b[0m     const comCount = completeExaminee.reduce((a, b) => a + b.value, 0);\r\n\u001b[7m  \u001b[0m \u001b[91m                                              ~\u001b[0m\r\n\u001b[96mcontrollers/dashboard.controller.ts\u001b[0m:\u001b[93m27\u001b[0m:\u001b[93m50\u001b[0m - \u001b[91merror\u001b[0m\u001b[90m TS7006: \u001b[0mParameter 'b' implicitly has an 'any' type.\r\n\r\n\u001b[7m27\u001b[0m     const comCount = completeExaminee.reduce((a, b) => a + b.value, 0);\r\n\u001b[7m  \u001b[0m \u001b[91m                                                 ~\u001b[0m\r\n\n    at createTSError (C:\\testify-api\\node_modules\\ts-node\\src\\index.ts:859:12)\n    at reportTSError (C:\\testify-api\\node_modules\\ts-node\\src\\index.ts:863:19)\n    at getOutput (C:\\testify-api\\node_modules\\ts-node\\src\\index.ts:1077:36)\n    at Object.compile (C:\\testify-api\\node_modules\\ts-node\\src\\index.ts:1433:41)\n    at Module.m._compile (C:\\testify-api\\node_modules\\ts-node\\src\\index.ts:1617:30)\n    at Module._extensions..js (node:internal/modules/cjs/loader:1416:10)\n    at Object.require.extensions.<computed> [as .ts] (C:\\testify-api\\node_modules\\ts-node\\src\\index.ts:1621:12)\n    at Module.load (node:internal/modules/cjs/loader:1208:32)\n    at Function.Module._load (node:internal/modules/cjs/loader:1024:12)\n    at Module.require (node:internal/modules/cjs/loader:1233:19)","timestamp":"2025-01-31T06:36:38.049Z","trace":[{"column":12,"file":"C:\\testify-api\\node_modules\\ts-node\\src\\index.ts","function":"createTSError","line":859,"method":null,"native":false},{"column":19,"file":"C:\\testify-api\\node_modules\\ts-node\\src\\index.ts","function":"reportTSError","line":863,"method":null,"native":false},{"column":36,"file":"C:\\testify-api\\node_modules\\ts-node\\src\\index.ts","function":"getOutput","line":1077,"method":null,"native":false},{"column":41,"file":"C:\\testify-api\\node_modules\\ts-node\\src\\index.ts","function":"Object.compile","line":1433,"method":"compile","native":false},{"column":30,"file":"C:\\testify-api\\node_modules\\ts-node\\src\\index.ts","function":"Module.m._compile","line":1617,"method":"_compile","native":false},{"column":10,"file":"node:internal/modules/cjs/loader","function":"Module._extensions..js","line":1416,"method":".js","native":false},{"column":12,"file":"C:\\testify-api\\node_modules\\ts-node\\src\\index.ts","function":"Object.require.extensions.<computed> [as .ts]","line":1621,"method":"ts]","native":false},{"column":32,"file":"node:internal/modules/cjs/loader","function":"Module.load","line":1208,"method":"load","native":false},{"column":12,"file":"node:internal/modules/cjs/loader","function":"Module._load","line":1024,"method":"_load","native":false},{"column":19,"file":"node:internal/modules/cjs/loader","function":"Module.require","line":1233,"method":"require","native":false}]}
{"date":"Fri Jan 31 2025 14:42:34 GMT+0800 (Philippine Standard Time)","error":{"diagnosticCodes":[2339,2339,7006,7006,7006,7006]},"exception":true,"level":"error","message":"uncaughtException: ⨯ Unable to compile TypeScript:\n\u001b[96mcontrollers/dashboard.controller.ts\u001b[0m:\u001b[93m17\u001b[0m:\u001b[93m24\u001b[0m - \u001b[91merror\u001b[0m\u001b[90m TS2339: \u001b[0mProperty 'getRegisteredExaminee' does not exist on type 'typeof import(\"C:/testify-api/services/dashboard.services\")'.\r\n\r\n\u001b[7m17\u001b[0m       dashboardService.getRegisteredExaminee(),\r\n\u001b[7m  \u001b[0m \u001b[91m                       ~~~~~~~~~~~~~~~~~~~~~\u001b[0m\r\n\u001b[96mcontrollers/dashboard.controller.ts\u001b[0m:\u001b[93m18\u001b[0m:\u001b[93m24\u001b[0m - \u001b[91merror\u001b[0m\u001b[90m TS2339: \u001b[0mProperty 'getCompletedExaminees' does not exist on type 'typeof import(\"C:/testify-api/services/dashboard.services\")'.\r\n\r\n\u001b[7m18\u001b[0m       dashboardService.getCompletedExaminees(),\r\n\u001b[7m  \u001b[0m \u001b[91m                       ~~~~~~~~~~~~~~~~~~~~~\u001b[0m\r\n\u001b[96mcontrollers/dashboard.controller.ts\u001b[0m:\u001b[93m26\u001b[0m:\u001b[93m49\u001b[0m - \u001b[91merror\u001b[0m\u001b[90m TS7006: \u001b[0mParameter 'a' implicitly has an 'any' type.\r\n\r\n\u001b[7m26\u001b[0m     const regCount = registeredExaminee.reduce((a, b) => a + b.value, 0);\r\n\u001b[7m  \u001b[0m \u001b[91m                                                ~\u001b[0m\r\n\u001b[96mcontrollers/dashboard.controller.ts\u001b[0m:\u001b[93m26\u001b[0m:\u001b[93m52\u001b[0m - \u001b[91merror\u001b[0m\u001b[90m TS7006: \u001b[0mParameter 'b' implicitly has an 'any' type.\r\n\r\n\u001b[7m26\u001b[0m     const regCount = registeredExaminee.reduce((a, b) => a + b.value, 0);\r\n\u001b[7m  \u001b[0m \u001b[91m                                                   ~\u001b[0m\r\n\u001b[96mcontrollers/dashboard.controller.ts\u001b[0m:\u001b[93m27\u001b[0m:\u001b[93m47\u001b[0m - \u001b[91merror\u001b[0m\u001b[90m TS7006: \u001b[0mParameter 'a' implicitly has an 'any' type.\r\n\r\n\u001b[7m27\u001b[0m     const comCount = completeExaminee.reduce((a, b) => a + b.value, 0);\r\n\u001b[7m  \u001b[0m \u001b[91m                                              ~\u001b[0m\r\n\u001b[96mcontrollers/dashboard.controller.ts\u001b[0m:\u001b[93m27\u001b[0m:\u001b[93m50\u001b[0m - \u001b[91merror\u001b[0m\u001b[90m TS7006: \u001b[0mParameter 'b' implicitly has an 'any' type.\r\n\r\n\u001b[7m27\u001b[0m     const comCount = completeExaminee.reduce((a, b) => a + b.value, 0);\r\n\u001b[7m  \u001b[0m \u001b[91m                                                 ~\u001b[0m\r\n\nTSError: ⨯ Unable to compile TypeScript:\n\u001b[96mcontrollers/dashboard.controller.ts\u001b[0m:\u001b[93m17\u001b[0m:\u001b[93m24\u001b[0m - \u001b[91merror\u001b[0m\u001b[90m TS2339: \u001b[0mProperty 'getRegisteredExaminee' does not exist on type 'typeof import(\"C:/testify-api/services/dashboard.services\")'.\r\n\r\n\u001b[7m17\u001b[0m       dashboardService.getRegisteredExaminee(),\r\n\u001b[7m  \u001b[0m \u001b[91m                       ~~~~~~~~~~~~~~~~~~~~~\u001b[0m\r\n\u001b[96mcontrollers/dashboard.controller.ts\u001b[0m:\u001b[93m18\u001b[0m:\u001b[93m24\u001b[0m - \u001b[91merror\u001b[0m\u001b[90m TS2339: \u001b[0mProperty 'getCompletedExaminees' does not exist on type 'typeof import(\"C:/testify-api/services/dashboard.services\")'.\r\n\r\n\u001b[7m18\u001b[0m       dashboardService.getCompletedExaminees(),\r\n\u001b[7m  \u001b[0m \u001b[91m                       ~~~~~~~~~~~~~~~~~~~~~\u001b[0m\r\n\u001b[96mcontrollers/dashboard.controller.ts\u001b[0m:\u001b[93m26\u001b[0m:\u001b[93m49\u001b[0m - \u001b[91merror\u001b[0m\u001b[90m TS7006: \u001b[0mParameter 'a' implicitly has an 'any' type.\r\n\r\n\u001b[7m26\u001b[0m     const regCount = registeredExaminee.reduce((a, b) => a + b.value, 0);\r\n\u001b[7m  \u001b[0m \u001b[91m                                                ~\u001b[0m\r\n\u001b[96mcontrollers/dashboard.controller.ts\u001b[0m:\u001b[93m26\u001b[0m:\u001b[93m52\u001b[0m - \u001b[91merror\u001b[0m\u001b[90m TS7006: \u001b[0mParameter 'b' implicitly has an 'any' type.\r\n\r\n\u001b[7m26\u001b[0m     const regCount = registeredExaminee.reduce((a, b) => a + b.value, 0);\r\n\u001b[7m  \u001b[0m \u001b[91m                                                   ~\u001b[0m\r\n\u001b[96mcontrollers/dashboard.controller.ts\u001b[0m:\u001b[93m27\u001b[0m:\u001b[93m47\u001b[0m - \u001b[91merror\u001b[0m\u001b[90m TS7006: \u001b[0mParameter 'a' implicitly has an 'any' type.\r\n\r\n\u001b[7m27\u001b[0m     const comCount = completeExaminee.reduce((a, b) => a + b.value, 0);\r\n\u001b[7m  \u001b[0m \u001b[91m                                              ~\u001b[0m\r\n\u001b[96mcontrollers/dashboard.controller.ts\u001b[0m:\u001b[93m27\u001b[0m:\u001b[93m50\u001b[0m - \u001b[91merror\u001b[0m\u001b[90m TS7006: \u001b[0mParameter 'b' implicitly has an 'any' type.\r\n\r\n\u001b[7m27\u001b[0m     const comCount = completeExaminee.reduce((a, b) => a + b.value, 0);\r\n\u001b[7m  \u001b[0m \u001b[91m                                                 ~\u001b[0m\r\n\n    at createTSError (C:\\testify-api\\node_modules\\ts-node\\src\\index.ts:859:12)\n    at reportTSError (C:\\testify-api\\node_modules\\ts-node\\src\\index.ts:863:19)\n    at getOutput (C:\\testify-api\\node_modules\\ts-node\\src\\index.ts:1077:36)\n    at Object.compile (C:\\testify-api\\node_modules\\ts-node\\src\\index.ts:1433:41)\n    at Module.m._compile (C:\\testify-api\\node_modules\\ts-node\\src\\index.ts:1617:30)\n    at Module._extensions..js (node:internal/modules/cjs/loader:1416:10)\n    at Object.require.extensions.<computed> [as .ts] (C:\\testify-api\\node_modules\\ts-node\\src\\index.ts:1621:12)\n    at Module.load (node:internal/modules/cjs/loader:1208:32)\n    at Function.Module._load (node:internal/modules/cjs/loader:1024:12)\n    at Module.require (node:internal/modules/cjs/loader:1233:19)","os":{"loadavg":[0,0,0],"uptime":7940215.75},"process":{"argv":["C:\\testify-api\\node_modules\\ts-node\\dist\\bin.js","C:\\testify-api\\app.ts"],"cwd":"C:\\testify-api","execPath":"C:\\Program Files\\nodejs\\node.exe","gid":null,"memoryUsage":{"arrayBuffers":4647127,"external":7529102,"heapTotal":230248448,"heapUsed":195962576,"rss":273264640},"pid":22020,"uid":null,"version":"v20.16.0"},"stack":"TSError: ⨯ Unable to compile TypeScript:\n\u001b[96mcontrollers/dashboard.controller.ts\u001b[0m:\u001b[93m17\u001b[0m:\u001b[93m24\u001b[0m - \u001b[91merror\u001b[0m\u001b[90m TS2339: \u001b[0mProperty 'getRegisteredExaminee' does not exist on type 'typeof import(\"C:/testify-api/services/dashboard.services\")'.\r\n\r\n\u001b[7m17\u001b[0m       dashboardService.getRegisteredExaminee(),\r\n\u001b[7m  \u001b[0m \u001b[91m                       ~~~~~~~~~~~~~~~~~~~~~\u001b[0m\r\n\u001b[96mcontrollers/dashboard.controller.ts\u001b[0m:\u001b[93m18\u001b[0m:\u001b[93m24\u001b[0m - \u001b[91merror\u001b[0m\u001b[90m TS2339: \u001b[0mProperty 'getCompletedExaminees' does not exist on type 'typeof import(\"C:/testify-api/services/dashboard.services\")'.\r\n\r\n\u001b[7m18\u001b[0m       dashboardService.getCompletedExaminees(),\r\n\u001b[7m  \u001b[0m \u001b[91m                       ~~~~~~~~~~~~~~~~~~~~~\u001b[0m\r\n\u001b[96mcontrollers/dashboard.controller.ts\u001b[0m:\u001b[93m26\u001b[0m:\u001b[93m49\u001b[0m - \u001b[91merror\u001b[0m\u001b[90m TS7006: \u001b[0mParameter 'a' implicitly has an 'any' type.\r\n\r\n\u001b[7m26\u001b[0m     const regCount = registeredExaminee.reduce((a, b) => a + b.value, 0);\r\n\u001b[7m  \u001b[0m \u001b[91m                                                ~\u001b[0m\r\n\u001b[96mcontrollers/dashboard.controller.ts\u001b[0m:\u001b[93m26\u001b[0m:\u001b[93m52\u001b[0m - \u001b[91merror\u001b[0m\u001b[90m TS7006: \u001b[0mParameter 'b' implicitly has an 'any' type.\r\n\r\n\u001b[7m26\u001b[0m     const regCount = registeredExaminee.reduce((a, b) => a + b.value, 0);\r\n\u001b[7m  \u001b[0m \u001b[91m                                                   ~\u001b[0m\r\n\u001b[96mcontrollers/dashboard.controller.ts\u001b[0m:\u001b[93m27\u001b[0m:\u001b[93m47\u001b[0m - \u001b[91merror\u001b[0m\u001b[90m TS7006: \u001b[0mParameter 'a' implicitly has an 'any' type.\r\n\r\n\u001b[7m27\u001b[0m     const comCount = completeExaminee.reduce((a, b) => a + b.value, 0);\r\n\u001b[7m  \u001b[0m \u001b[91m                                              ~\u001b[0m\r\n\u001b[96mcontrollers/dashboard.controller.ts\u001b[0m:\u001b[93m27\u001b[0m:\u001b[93m50\u001b[0m - \u001b[91merror\u001b[0m\u001b[90m TS7006: \u001b[0mParameter 'b' implicitly has an 'any' type.\r\n\r\n\u001b[7m27\u001b[0m     const comCount = completeExaminee.reduce((a, b) => a + b.value, 0);\r\n\u001b[7m  \u001b[0m \u001b[91m                                                 ~\u001b[0m\r\n\n    at createTSError (C:\\testify-api\\node_modules\\ts-node\\src\\index.ts:859:12)\n    at reportTSError (C:\\testify-api\\node_modules\\ts-node\\src\\index.ts:863:19)\n    at getOutput (C:\\testify-api\\node_modules\\ts-node\\src\\index.ts:1077:36)\n    at Object.compile (C:\\testify-api\\node_modules\\ts-node\\src\\index.ts:1433:41)\n    at Module.m._compile (C:\\testify-api\\node_modules\\ts-node\\src\\index.ts:1617:30)\n    at Module._extensions..js (node:internal/modules/cjs/loader:1416:10)\n    at Object.require.extensions.<computed> [as .ts] (C:\\testify-api\\node_modules\\ts-node\\src\\index.ts:1621:12)\n    at Module.load (node:internal/modules/cjs/loader:1208:32)\n    at Function.Module._load (node:internal/modules/cjs/loader:1024:12)\n    at Module.require (node:internal/modules/cjs/loader:1233:19)","timestamp":"2025-01-31T06:42:34.983Z","trace":[{"column":12,"file":"C:\\testify-api\\node_modules\\ts-node\\src\\index.ts","function":"createTSError","line":859,"method":null,"native":false},{"column":19,"file":"C:\\testify-api\\node_modules\\ts-node\\src\\index.ts","function":"reportTSError","line":863,"method":null,"native":false},{"column":36,"file":"C:\\testify-api\\node_modules\\ts-node\\src\\index.ts","function":"getOutput","line":1077,"method":null,"native":false},{"column":41,"file":"C:\\testify-api\\node_modules\\ts-node\\src\\index.ts","function":"Object.compile","line":1433,"method":"compile","native":false},{"column":30,"file":"C:\\testify-api\\node_modules\\ts-node\\src\\index.ts","function":"Module.m._compile","line":1617,"method":"_compile","native":false},{"column":10,"file":"node:internal/modules/cjs/loader","function":"Module._extensions..js","line":1416,"method":".js","native":false},{"column":12,"file":"C:\\testify-api\\node_modules\\ts-node\\src\\index.ts","function":"Object.require.extensions.<computed> [as .ts]","line":1621,"method":"ts]","native":false},{"column":32,"file":"node:internal/modules/cjs/loader","function":"Module.load","line":1208,"method":"load","native":false},{"column":12,"file":"node:internal/modules/cjs/loader","function":"Module._load","line":1024,"method":"_load","native":false},{"column":19,"file":"node:internal/modules/cjs/loader","function":"Module.require","line":1233,"method":"require","native":false}]}
{"date":"Fri Jan 31 2025 14:45:08 GMT+0800 (Philippine Standard Time)","error":{"diagnosticCodes":[2366,2345]},"exception":true,"level":"error","message":"uncaughtException: ⨯ Unable to compile TypeScript:\n\u001b[96mcontrollers/dashboard.controller.ts\u001b[0m:\u001b[93m12\u001b[0m:\u001b[93m4\u001b[0m - \u001b[91merror\u001b[0m\u001b[90m TS2366: \u001b[0mFunction lacks ending return statement and return type does not include 'undefined'.\r\n\r\n\u001b[7m12\u001b[0m ): Promise<Response> => {\r\n\u001b[7m  \u001b[0m \u001b[91m   ~~~~~~~~~~~~~~~~~\u001b[0m\r\n\u001b[96mcontrollers/dashboard.controller.ts\u001b[0m:\u001b[93m21\u001b[0m:\u001b[93m68\u001b[0m - \u001b[91merror\u001b[0m\u001b[90m TS2345: \u001b[0mArgument of type 'unknown' is not assignable to parameter of type 'any[]'.\r\n\r\n\u001b[7m21\u001b[0m     const getCoursePassed = await dashboardService.getCoursePassed(allResults, allCourses);\r\n\u001b[7m  \u001b[0m \u001b[91m                                                                   ~~~~~~~~~~\u001b[0m\r\n\nTSError: ⨯ Unable to compile TypeScript:\n\u001b[96mcontrollers/dashboard.controller.ts\u001b[0m:\u001b[93m12\u001b[0m:\u001b[93m4\u001b[0m - \u001b[91merror\u001b[0m\u001b[90m TS2366: \u001b[0mFunction lacks ending return statement and return type does not include 'undefined'.\r\n\r\n\u001b[7m12\u001b[0m ): Promise<Response> => {\r\n\u001b[7m  \u001b[0m \u001b[91m   ~~~~~~~~~~~~~~~~~\u001b[0m\r\n\u001b[96mcontrollers/dashboard.controller.ts\u001b[0m:\u001b[93m21\u001b[0m:\u001b[93m68\u001b[0m - \u001b[91merror\u001b[0m\u001b[90m TS2345: \u001b[0mArgument of type 'unknown' is not assignable to parameter of type 'any[]'.\r\n\r\n\u001b[7m21\u001b[0m     const getCoursePassed = await dashboardService.getCoursePassed(allResults, allCourses);\r\n\u001b[7m  \u001b[0m \u001b[91m                                                                   ~~~~~~~~~~\u001b[0m\r\n\n    at createTSError (C:\\testify-api\\node_modules\\ts-node\\src\\index.ts:859:12)\n    at reportTSError (C:\\testify-api\\node_modules\\ts-node\\src\\index.ts:863:19)\n    at getOutput (C:\\testify-api\\node_modules\\ts-node\\src\\index.ts:1077:36)\n    at Object.compile (C:\\testify-api\\node_modules\\ts-node\\src\\index.ts:1433:41)\n    at Module.m._compile (C:\\testify-api\\node_modules\\ts-node\\src\\index.ts:1617:30)\n    at Module._extensions..js (node:internal/modules/cjs/loader:1416:10)\n    at Object.require.extensions.<computed> [as .ts] (C:\\testify-api\\node_modules\\ts-node\\src\\index.ts:1621:12)\n    at Module.load (node:internal/modules/cjs/loader:1208:32)\n    at Function.Module._load (node:internal/modules/cjs/loader:1024:12)\n    at Module.require (node:internal/modules/cjs/loader:1233:19)","os":{"loadavg":[0,0,0],"uptime":7940369.078},"process":{"argv":["C:\\testify-api\\node_modules\\ts-node\\dist\\bin.js","C:\\testify-api\\app.ts"],"cwd":"C:\\testify-api","execPath":"C:\\Program Files\\nodejs\\node.exe","gid":null,"memoryUsage":{"arrayBuffers":4647055,"external":7529030,"heapTotal":231297024,"heapUsed":196127584,"rss":275488768},"pid":26228,"uid":null,"version":"v20.16.0"},"stack":"TSError: ⨯ Unable to compile TypeScript:\n\u001b[96mcontrollers/dashboard.controller.ts\u001b[0m:\u001b[93m12\u001b[0m:\u001b[93m4\u001b[0m - \u001b[91merror\u001b[0m\u001b[90m TS2366: \u001b[0mFunction lacks ending return statement and return type does not include 'undefined'.\r\n\r\n\u001b[7m12\u001b[0m ): Promise<Response> => {\r\n\u001b[7m  \u001b[0m \u001b[91m   ~~~~~~~~~~~~~~~~~\u001b[0m\r\n\u001b[96mcontrollers/dashboard.controller.ts\u001b[0m:\u001b[93m21\u001b[0m:\u001b[93m68\u001b[0m - \u001b[91merror\u001b[0m\u001b[90m TS2345: \u001b[0mArgument of type 'unknown' is not assignable to parameter of type 'any[]'.\r\n\r\n\u001b[7m21\u001b[0m     const getCoursePassed = await dashboardService.getCoursePassed(allResults, allCourses);\r\n\u001b[7m  \u001b[0m \u001b[91m                                                                   ~~~~~~~~~~\u001b[0m\r\n\n    at createTSError (C:\\testify-api\\node_modules\\ts-node\\src\\index.ts:859:12)\n    at reportTSError (C:\\testify-api\\node_modules\\ts-node\\src\\index.ts:863:19)\n    at getOutput (C:\\testify-api\\node_modules\\ts-node\\src\\index.ts:1077:36)\n    at Object.compile (C:\\testify-api\\node_modules\\ts-node\\src\\index.ts:1433:41)\n    at Module.m._compile (C:\\testify-api\\node_modules\\ts-node\\src\\index.ts:1617:30)\n    at Module._extensions..js (node:internal/modules/cjs/loader:1416:10)\n    at Object.require.extensions.<computed> [as .ts] (C:\\testify-api\\node_modules\\ts-node\\src\\index.ts:1621:12)\n    at Module.load (node:internal/modules/cjs/loader:1208:32)\n    at Function.Module._load (node:internal/modules/cjs/loader:1024:12)\n    at Module.require (node:internal/modules/cjs/loader:1233:19)","timestamp":"2025-01-31T06:45:08.314Z","trace":[{"column":12,"file":"C:\\testify-api\\node_modules\\ts-node\\src\\index.ts","function":"createTSError","line":859,"method":null,"native":false},{"column":19,"file":"C:\\testify-api\\node_modules\\ts-node\\src\\index.ts","function":"reportTSError","line":863,"method":null,"native":false},{"column":36,"file":"C:\\testify-api\\node_modules\\ts-node\\src\\index.ts","function":"getOutput","line":1077,"method":null,"native":false},{"column":41,"file":"C:\\testify-api\\node_modules\\ts-node\\src\\index.ts","function":"Object.compile","line":1433,"method":"compile","native":false},{"column":30,"file":"C:\\testify-api\\node_modules\\ts-node\\src\\index.ts","function":"Module.m._compile","line":1617,"method":"_compile","native":false},{"column":10,"file":"node:internal/modules/cjs/loader","function":"Module._extensions..js","line":1416,"method":".js","native":false},{"column":12,"file":"C:\\testify-api\\node_modules\\ts-node\\src\\index.ts","function":"Object.require.extensions.<computed> [as .ts]","line":1621,"method":"ts]","native":false},{"column":32,"file":"node:internal/modules/cjs/loader","function":"Module.load","line":1208,"method":"load","native":false},{"column":12,"file":"node:internal/modules/cjs/loader","function":"Module._load","line":1024,"method":"_load","native":false},{"column":19,"file":"node:internal/modules/cjs/loader","function":"Module.require","line":1233,"method":"require","native":false}]}
{"date":"Fri Jan 31 2025 14:52:49 GMT+0800 (Philippine Standard Time)","error":{"diagnosticCodes":[2339,2339]},"exception":true,"level":"error","message":"uncaughtException: ⨯ Unable to compile TypeScript:\n\u001b[96mcontrollers/dashboard.controller.ts\u001b[0m:\u001b[93m22\u001b[0m:\u001b[93m63\u001b[0m - \u001b[91merror\u001b[0m\u001b[90m TS2339: \u001b[0mProperty 'regCount' does not exist on type 'RegisteredVsCompletedModel'.\r\n\r\n\u001b[7m22\u001b[0m     const registeredExaminee = summary.reduce((a, b) => a + b.regCount, 0);\r\n\u001b[7m  \u001b[0m \u001b[91m                                                              ~~~~~~~~\u001b[0m\r\n\u001b[96mcontrollers/dashboard.controller.ts\u001b[0m:\u001b[93m23\u001b[0m:\u001b[93m62\u001b[0m - \u001b[91merror\u001b[0m\u001b[90m TS2339: \u001b[0mProperty 'comCount' does not exist on type 'RegisteredVsCompletedModel'.\r\n\r\n\u001b[7m23\u001b[0m     const completedExaminee = summary.reduce((a, b) => a + b.comCount, 0);\r\n\u001b[7m  \u001b[0m \u001b[91m                                                             ~~~~~~~~\u001b[0m\r\n\nTSError: ⨯ Unable to compile TypeScript:\n\u001b[96mcontrollers/dashboard.controller.ts\u001b[0m:\u001b[93m22\u001b[0m:\u001b[93m63\u001b[0m - \u001b[91merror\u001b[0m\u001b[90m TS2339: \u001b[0mProperty 'regCount' does not exist on type 'RegisteredVsCompletedModel'.\r\n\r\n\u001b[7m22\u001b[0m     const registeredExaminee = summary.reduce((a, b) => a + b.regCount, 0);\r\n\u001b[7m  \u001b[0m \u001b[91m                                                              ~~~~~~~~\u001b[0m\r\n\u001b[96mcontrollers/dashboard.controller.ts\u001b[0m:\u001b[93m23\u001b[0m:\u001b[93m62\u001b[0m - \u001b[91merror\u001b[0m\u001b[90m TS2339: \u001b[0mProperty 'comCount' does not exist on type 'RegisteredVsCompletedModel'.\r\n\r\n\u001b[7m23\u001b[0m     const completedExaminee = summary.reduce((a, b) => a + b.comCount, 0);\r\n\u001b[7m  \u001b[0m \u001b[91m                                                             ~~~~~~~~\u001b[0m\r\n\n    at createTSError (C:\\testify-api\\node_modules\\ts-node\\src\\index.ts:859:12)\n    at reportTSError (C:\\testify-api\\node_modules\\ts-node\\src\\index.ts:863:19)\n    at getOutput (C:\\testify-api\\node_modules\\ts-node\\src\\index.ts:1077:36)\n    at Object.compile (C:\\testify-api\\node_modules\\ts-node\\src\\index.ts:1433:41)\n    at Module.m._compile (C:\\testify-api\\node_modules\\ts-node\\src\\index.ts:1617:30)\n    at Module._extensions..js (node:internal/modules/cjs/loader:1416:10)\n    at Object.require.extensions.<computed> [as .ts] (C:\\testify-api\\node_modules\\ts-node\\src\\index.ts:1621:12)\n    at Module.load (node:internal/modules/cjs/loader:1208:32)\n    at Function.Module._load (node:internal/modules/cjs/loader:1024:12)\n    at Module.require (node:internal/modules/cjs/loader:1233:19)","os":{"loadavg":[0,0,0],"uptime":7940829.937},"process":{"argv":["C:\\testify-api\\node_modules\\ts-node\\dist\\bin.js","C:\\testify-api\\app.ts"],"cwd":"C:\\testify-api","execPath":"C:\\Program Files\\nodejs\\node.exe","gid":null,"memoryUsage":{"arrayBuffers":4646975,"external":7528950,"heapTotal":230248448,"heapUsed":196871784,"rss":270626816},"pid":25640,"uid":null,"version":"v20.16.0"},"stack":"TSError: ⨯ Unable to compile TypeScript:\n\u001b[96mcontrollers/dashboard.controller.ts\u001b[0m:\u001b[93m22\u001b[0m:\u001b[93m63\u001b[0m - \u001b[91merror\u001b[0m\u001b[90m TS2339: \u001b[0mProperty 'regCount' does not exist on type 'RegisteredVsCompletedModel'.\r\n\r\n\u001b[7m22\u001b[0m     const registeredExaminee = summary.reduce((a, b) => a + b.regCount, 0);\r\n\u001b[7m  \u001b[0m \u001b[91m                                                              ~~~~~~~~\u001b[0m\r\n\u001b[96mcontrollers/dashboard.controller.ts\u001b[0m:\u001b[93m23\u001b[0m:\u001b[93m62\u001b[0m - \u001b[91merror\u001b[0m\u001b[90m TS2339: \u001b[0mProperty 'comCount' does not exist on type 'RegisteredVsCompletedModel'.\r\n\r\n\u001b[7m23\u001b[0m     const completedExaminee = summary.reduce((a, b) => a + b.comCount, 0);\r\n\u001b[7m  \u001b[0m \u001b[91m                                                             ~~~~~~~~\u001b[0m\r\n\n    at createTSError (C:\\testify-api\\node_modules\\ts-node\\src\\index.ts:859:12)\n    at reportTSError (C:\\testify-api\\node_modules\\ts-node\\src\\index.ts:863:19)\n    at getOutput (C:\\testify-api\\node_modules\\ts-node\\src\\index.ts:1077:36)\n    at Object.compile (C:\\testify-api\\node_modules\\ts-node\\src\\index.ts:1433:41)\n    at Module.m._compile (C:\\testify-api\\node_modules\\ts-node\\src\\index.ts:1617:30)\n    at Module._extensions..js (node:internal/modules/cjs/loader:1416:10)\n    at Object.require.extensions.<computed> [as .ts] (C:\\testify-api\\node_modules\\ts-node\\src\\index.ts:1621:12)\n    at Module.load (node:internal/modules/cjs/loader:1208:32)\n    at Function.Module._load (node:internal/modules/cjs/loader:1024:12)\n    at Module.require (node:internal/modules/cjs/loader:1233:19)","timestamp":"2025-01-31T06:52:49.164Z","trace":[{"column":12,"file":"C:\\testify-api\\node_modules\\ts-node\\src\\index.ts","function":"createTSError","line":859,"method":null,"native":false},{"column":19,"file":"C:\\testify-api\\node_modules\\ts-node\\src\\index.ts","function":"reportTSError","line":863,"method":null,"native":false},{"column":36,"file":"C:\\testify-api\\node_modules\\ts-node\\src\\index.ts","function":"getOutput","line":1077,"method":null,"native":false},{"column":41,"file":"C:\\testify-api\\node_modules\\ts-node\\src\\index.ts","function":"Object.compile","line":1433,"method":"compile","native":false},{"column":30,"file":"C:\\testify-api\\node_modules\\ts-node\\src\\index.ts","function":"Module.m._compile","line":1617,"method":"_compile","native":false},{"column":10,"file":"node:internal/modules/cjs/loader","function":"Module._extensions..js","line":1416,"method":".js","native":false},{"column":12,"file":"C:\\testify-api\\node_modules\\ts-node\\src\\index.ts","function":"Object.require.extensions.<computed> [as .ts]","line":1621,"method":"ts]","native":false},{"column":32,"file":"node:internal/modules/cjs/loader","function":"Module.load","line":1208,"method":"load","native":false},{"column":12,"file":"node:internal/modules/cjs/loader","function":"Module._load","line":1024,"method":"_load","native":false},{"column":19,"file":"node:internal/modules/cjs/loader","function":"Module.require","line":1233,"method":"require","native":false}]}
{"body":{},"level":"error","message":"Error during request processing: \nInvalid `prisma.$queryRaw()` invocation:\n\n\nRaw query failed. Code: `42703`. Message: `column reg.regcount does not exist`","method":"GET","params":{},"route":"/api/v1/dashboard/summary","stack":"PrismaClientKnownRequestError: \nInvalid `prisma.$queryRaw()` invocation:\n\n\nRaw query failed. Code: `42703`. Message: `column reg.regcount does not exist`\n    at Vn.handleRequestError (C:\\testify-api\\node_modules\\@prisma\\client\\runtime\\library.js:121:7339)\n    at Vn.handleAndLogRequestError (C:\\testify-api\\node_modules\\@prisma\\client\\runtime\\library.js:121:6663)\n    at Vn.request (C:\\testify-api\\node_modules\\@prisma\\client\\runtime\\library.js:121:6370)\n    at async l (C:\\testify-api\\node_modules\\@prisma\\client\\runtime\\library.js:130:9617)","timestamp":"2025-01-31T06:53:55.914Z"}
{"code":"P2010","level":"error","message":"Prisma error: \nInvalid `prisma.$queryRaw()` invocation:\n\n\nRaw query failed. Code: `42703`. Message: `column reg.regcount does not exist`","meta":{"code":"42703","message":"column reg.regcount does not exist"},"timestamp":"2025-01-31T06:53:55.918Z"}
{"level":"error","message":"\u001b[90mGET /api/v1/dashboard/summary\u001b[39m \u001b[31m500\u001b[39m \u001b[90m85ms\u001b[39m","meta":{"req":{"headers":{"accept":"*/*","accept-encoding":"gzip, deflate, br","cache-control":"no-cache","connection":"keep-alive","host":"localhost:3030","postman-token":"2733cc4f-2bb6-458c-9f82-f861413f23db","user-agent":"PostmanRuntime/7.43.0"},"httpVersion":"1.1","method":"GET","originalUrl":"/api/v1/dashboard/summary","query":{},"url":"/api/v1/dashboard/summary"},"res":{"statusCode":500},"responseTime":85},"timestamp":"2025-01-31T06:53:55.923Z"}
{"date":"Fri Jan 31 2025 15:31:26 GMT+0800 (Philippine Standard Time)","error":{"diagnosticCodes":[2551,2551]},"exception":true,"level":"error","message":"uncaughtException: ⨯ Unable to compile TypeScript:\n\u001b[96mcontrollers/dashboard.controller.ts\u001b[0m:\u001b[93m22\u001b[0m:\u001b[93m63\u001b[0m - \u001b[91merror\u001b[0m\u001b[90m TS2551: \u001b[0mProperty 'registered' does not exist on type 'RegisteredVsCompletedModel'. Did you mean 'Registered'?\r\n\r\n\u001b[7m22\u001b[0m     const registeredExaminee = summary.reduce((a, b) => a + b.registered, 0);\r\n\u001b[7m  \u001b[0m \u001b[91m                                                              ~~~~~~~~~~\u001b[0m\r\n\r\n  \u001b[96mmodels/index.ts\u001b[0m:\u001b[93m244\u001b[0m:\u001b[93m5\u001b[0m\r\n    \u001b[7m244\u001b[0m     Registered: number,\r\n    \u001b[7m   \u001b[0m \u001b[96m    ~~~~~~~~~~\u001b[0m\r\n    'Registered' is declared here.\r\n\u001b[96mcontrollers/dashboard.controller.ts\u001b[0m:\u001b[93m23\u001b[0m:\u001b[93m62\u001b[0m - \u001b[91merror\u001b[0m\u001b[90m TS2551: \u001b[0mProperty 'completed' does not exist on type 'RegisteredVsCompletedModel'. Did you mean 'Completed'?\r\n\r\n\u001b[7m23\u001b[0m     const completedExaminee = summary.reduce((a, b) => a + b.completed, 0);\r\n\u001b[7m  \u001b[0m \u001b[91m                                                             ~~~~~~~~~\u001b[0m\r\n\r\n  \u001b[96mmodels/index.ts\u001b[0m:\u001b[93m245\u001b[0m:\u001b[93m5\u001b[0m\r\n    \u001b[7m245\u001b[0m     Completed: number,\r\n    \u001b[7m   \u001b[0m \u001b[96m    ~~~~~~~~~\u001b[0m\r\n    'Completed' is declared here.\r\n\nTSError: ⨯ Unable to compile TypeScript:\n\u001b[96mcontrollers/dashboard.controller.ts\u001b[0m:\u001b[93m22\u001b[0m:\u001b[93m63\u001b[0m - \u001b[91merror\u001b[0m\u001b[90m TS2551: \u001b[0mProperty 'registered' does not exist on type 'RegisteredVsCompletedModel'. Did you mean 'Registered'?\r\n\r\n\u001b[7m22\u001b[0m     const registeredExaminee = summary.reduce((a, b) => a + b.registered, 0);\r\n\u001b[7m  \u001b[0m \u001b[91m                                                              ~~~~~~~~~~\u001b[0m\r\n\r\n  \u001b[96mmodels/index.ts\u001b[0m:\u001b[93m244\u001b[0m:\u001b[93m5\u001b[0m\r\n    \u001b[7m244\u001b[0m     Registered: number,\r\n    \u001b[7m   \u001b[0m \u001b[96m    ~~~~~~~~~~\u001b[0m\r\n    'Registered' is declared here.\r\n\u001b[96mcontrollers/dashboard.controller.ts\u001b[0m:\u001b[93m23\u001b[0m:\u001b[93m62\u001b[0m - \u001b[91merror\u001b[0m\u001b[90m TS2551: \u001b[0mProperty 'completed' does not exist on type 'RegisteredVsCompletedModel'. Did you mean 'Completed'?\r\n\r\n\u001b[7m23\u001b[0m     const completedExaminee = summary.reduce((a, b) => a + b.completed, 0);\r\n\u001b[7m  \u001b[0m \u001b[91m                                                             ~~~~~~~~~\u001b[0m\r\n\r\n  \u001b[96mmodels/index.ts\u001b[0m:\u001b[93m245\u001b[0m:\u001b[93m5\u001b[0m\r\n    \u001b[7m245\u001b[0m     Completed: number,\r\n    \u001b[7m   \u001b[0m \u001b[96m    ~~~~~~~~~\u001b[0m\r\n    'Completed' is declared here.\r\n\n    at createTSError (C:\\testify-api\\node_modules\\ts-node\\src\\index.ts:859:12)\n    at reportTSError (C:\\testify-api\\node_modules\\ts-node\\src\\index.ts:863:19)\n    at getOutput (C:\\testify-api\\node_modules\\ts-node\\src\\index.ts:1077:36)\n    at Object.compile (C:\\testify-api\\node_modules\\ts-node\\src\\index.ts:1433:41)\n    at Module.m._compile (C:\\testify-api\\node_modules\\ts-node\\src\\index.ts:1617:30)\n    at Module._extensions..js (node:internal/modules/cjs/loader:1416:10)\n    at Object.require.extensions.<computed> [as .ts] (C:\\testify-api\\node_modules\\ts-node\\src\\index.ts:1621:12)\n    at Module.load (node:internal/modules/cjs/loader:1208:32)\n    at Function.Module._load (node:internal/modules/cjs/loader:1024:12)\n    at Module.require (node:internal/modules/cjs/loader:1233:19)","os":{"loadavg":[0,0,0],"uptime":7943147.64},"process":{"argv":["C:\\testify-api\\node_modules\\ts-node\\dist\\bin.js","C:\\testify-api\\app.ts"],"cwd":"C:\\testify-api","execPath":"C:\\Program Files\\nodejs\\node.exe","gid":null,"memoryUsage":{"arrayBuffers":4647031,"external":7529006,"heapTotal":230510592,"heapUsed":197360720,"rss":280616960},"pid":19548,"uid":null,"version":"v20.16.0"},"stack":"TSError: ⨯ Unable to compile TypeScript:\n\u001b[96mcontrollers/dashboard.controller.ts\u001b[0m:\u001b[93m22\u001b[0m:\u001b[93m63\u001b[0m - \u001b[91merror\u001b[0m\u001b[90m TS2551: \u001b[0mProperty 'registered' does not exist on type 'RegisteredVsCompletedModel'. Did you mean 'Registered'?\r\n\r\n\u001b[7m22\u001b[0m     const registeredExaminee = summary.reduce((a, b) => a + b.registered, 0);\r\n\u001b[7m  \u001b[0m \u001b[91m                                                              ~~~~~~~~~~\u001b[0m\r\n\r\n  \u001b[96mmodels/index.ts\u001b[0m:\u001b[93m244\u001b[0m:\u001b[93m5\u001b[0m\r\n    \u001b[7m244\u001b[0m     Registered: number,\r\n    \u001b[7m   \u001b[0m \u001b[96m    ~~~~~~~~~~\u001b[0m\r\n    'Registered' is declared here.\r\n\u001b[96mcontrollers/dashboard.controller.ts\u001b[0m:\u001b[93m23\u001b[0m:\u001b[93m62\u001b[0m - \u001b[91merror\u001b[0m\u001b[90m TS2551: \u001b[0mProperty 'completed' does not exist on type 'RegisteredVsCompletedModel'. Did you mean 'Completed'?\r\n\r\n\u001b[7m23\u001b[0m     const completedExaminee = summary.reduce((a, b) => a + b.completed, 0);\r\n\u001b[7m  \u001b[0m \u001b[91m                                                             ~~~~~~~~~\u001b[0m\r\n\r\n  \u001b[96mmodels/index.ts\u001b[0m:\u001b[93m245\u001b[0m:\u001b[93m5\u001b[0m\r\n    \u001b[7m245\u001b[0m     Completed: number,\r\n    \u001b[7m   \u001b[0m \u001b[96m    ~~~~~~~~~\u001b[0m\r\n    'Completed' is declared here.\r\n\n    at createTSError (C:\\testify-api\\node_modules\\ts-node\\src\\index.ts:859:12)\n    at reportTSError (C:\\testify-api\\node_modules\\ts-node\\src\\index.ts:863:19)\n    at getOutput (C:\\testify-api\\node_modules\\ts-node\\src\\index.ts:1077:36)\n    at Object.compile (C:\\testify-api\\node_modules\\ts-node\\src\\index.ts:1433:41)\n    at Module.m._compile (C:\\testify-api\\node_modules\\ts-node\\src\\index.ts:1617:30)\n    at Module._extensions..js (node:internal/modules/cjs/loader:1416:10)\n    at Object.require.extensions.<computed> [as .ts] (C:\\testify-api\\node_modules\\ts-node\\src\\index.ts:1621:12)\n    at Module.load (node:internal/modules/cjs/loader:1208:32)\n    at Function.Module._load (node:internal/modules/cjs/loader:1024:12)\n    at Module.require (node:internal/modules/cjs/loader:1233:19)","timestamp":"2025-01-31T07:31:26.799Z","trace":[{"column":12,"file":"C:\\testify-api\\node_modules\\ts-node\\src\\index.ts","function":"createTSError","line":859,"method":null,"native":false},{"column":19,"file":"C:\\testify-api\\node_modules\\ts-node\\src\\index.ts","function":"reportTSError","line":863,"method":null,"native":false},{"column":36,"file":"C:\\testify-api\\node_modules\\ts-node\\src\\index.ts","function":"getOutput","line":1077,"method":null,"native":false},{"column":41,"file":"C:\\testify-api\\node_modules\\ts-node\\src\\index.ts","function":"Object.compile","line":1433,"method":"compile","native":false},{"column":30,"file":"C:\\testify-api\\node_modules\\ts-node\\src\\index.ts","function":"Module.m._compile","line":1617,"method":"_compile","native":false},{"column":10,"file":"node:internal/modules/cjs/loader","function":"Module._extensions..js","line":1416,"method":".js","native":false},{"column":12,"file":"C:\\testify-api\\node_modules\\ts-node\\src\\index.ts","function":"Object.require.extensions.<computed> [as .ts]","line":1621,"method":"ts]","native":false},{"column":32,"file":"node:internal/modules/cjs/loader","function":"Module.load","line":1208,"method":"load","native":false},{"column":12,"file":"node:internal/modules/cjs/loader","function":"Module._load","line":1024,"method":"_load","native":false},{"column":19,"file":"node:internal/modules/cjs/loader","function":"Module.require","line":1233,"method":"require","native":false}]}
{"date":"Fri Jan 31 2025 16:57:55 GMT+0800 (Philippine Standard Time)","error":{"diagnosticCodes":[2304]},"exception":true,"level":"error","message":"uncaughtException: ⨯ Unable to compile TypeScript:\n\u001b[96mservices/dashboard.services.ts\u001b[0m:\u001b[93m77\u001b[0m:\u001b[93m38\u001b[0m - \u001b[91merror\u001b[0m\u001b[90m TS2304: \u001b[0mCannot find name 'async'.\r\n\r\n\u001b[7m77\u001b[0m export const getQuestionPercentage = async()\r\n\u001b[7m  \u001b[0m \u001b[91m                                     ~~~~~\u001b[0m\r\n\nTSError: ⨯ Unable to compile TypeScript:\n\u001b[96mservices/dashboard.services.ts\u001b[0m:\u001b[93m77\u001b[0m:\u001b[93m38\u001b[0m - \u001b[91merror\u001b[0m\u001b[90m TS2304: \u001b[0mCannot find name 'async'.\r\n\r\n\u001b[7m77\u001b[0m export const getQuestionPercentage = async()\r\n\u001b[7m  \u001b[0m \u001b[91m                                     ~~~~~\u001b[0m\r\n\n    at createTSError (C:\\testify-api\\node_modules\\ts-node\\src\\index.ts:859:12)\n    at reportTSError (C:\\testify-api\\node_modules\\ts-node\\src\\index.ts:863:19)\n    at getOutput (C:\\testify-api\\node_modules\\ts-node\\src\\index.ts:1077:36)\n    at Object.compile (C:\\testify-api\\node_modules\\ts-node\\src\\index.ts:1433:41)\n    at Module.m._compile (C:\\testify-api\\node_modules\\ts-node\\src\\index.ts:1617:30)\n    at Module._extensions..js (node:internal/modules/cjs/loader:1416:10)\n    at Object.require.extensions.<computed> [as .ts] (C:\\testify-api\\node_modules\\ts-node\\src\\index.ts:1621:12)\n    at Module.load (node:internal/modules/cjs/loader:1208:32)\n    at Function.Module._load (node:internal/modules/cjs/loader:1024:12)\n    at Module.require (node:internal/modules/cjs/loader:1233:19)","os":{"loadavg":[0,0,0],"uptime":7948336.015},"process":{"argv":["C:\\testify-api\\node_modules\\ts-node\\dist\\bin.js","C:\\testify-api\\app.ts"],"cwd":"C:\\testify-api","execPath":"C:\\Program Files\\nodejs\\node.exe","gid":null,"memoryUsage":{"arrayBuffers":4655159,"external":7517163,"heapTotal":229986304,"heapUsed":199373320,"rss":281264128},"pid":32904,"uid":null,"version":"v20.16.0"},"stack":"TSError: ⨯ Unable to compile TypeScript:\n\u001b[96mservices/dashboard.services.ts\u001b[0m:\u001b[93m77\u001b[0m:\u001b[93m38\u001b[0m - \u001b[91merror\u001b[0m\u001b[90m TS2304: \u001b[0mCannot find name 'async'.\r\n\r\n\u001b[7m77\u001b[0m export const getQuestionPercentage = async()\r\n\u001b[7m  \u001b[0m \u001b[91m                                     ~~~~~\u001b[0m\r\n\n    at createTSError (C:\\testify-api\\node_modules\\ts-node\\src\\index.ts:859:12)\n    at reportTSError (C:\\testify-api\\node_modules\\ts-node\\src\\index.ts:863:19)\n    at getOutput (C:\\testify-api\\node_modules\\ts-node\\src\\index.ts:1077:36)\n    at Object.compile (C:\\testify-api\\node_modules\\ts-node\\src\\index.ts:1433:41)\n    at Module.m._compile (C:\\testify-api\\node_modules\\ts-node\\src\\index.ts:1617:30)\n    at Module._extensions..js (node:internal/modules/cjs/loader:1416:10)\n    at Object.require.extensions.<computed> [as .ts] (C:\\testify-api\\node_modules\\ts-node\\src\\index.ts:1621:12)\n    at Module.load (node:internal/modules/cjs/loader:1208:32)\n    at Function.Module._load (node:internal/modules/cjs/loader:1024:12)\n    at Module.require (node:internal/modules/cjs/loader:1233:19)","timestamp":"2025-01-31T08:57:55.058Z","trace":[{"column":12,"file":"C:\\testify-api\\node_modules\\ts-node\\src\\index.ts","function":"createTSError","line":859,"method":null,"native":false},{"column":19,"file":"C:\\testify-api\\node_modules\\ts-node\\src\\index.ts","function":"reportTSError","line":863,"method":null,"native":false},{"column":36,"file":"C:\\testify-api\\node_modules\\ts-node\\src\\index.ts","function":"getOutput","line":1077,"method":null,"native":false},{"column":41,"file":"C:\\testify-api\\node_modules\\ts-node\\src\\index.ts","function":"Object.compile","line":1433,"method":"compile","native":false},{"column":30,"file":"C:\\testify-api\\node_modules\\ts-node\\src\\index.ts","function":"Module.m._compile","line":1617,"method":"_compile","native":false},{"column":10,"file":"node:internal/modules/cjs/loader","function":"Module._extensions..js","line":1416,"method":".js","native":false},{"column":12,"file":"C:\\testify-api\\node_modules\\ts-node\\src\\index.ts","function":"Object.require.extensions.<computed> [as .ts]","line":1621,"method":"ts]","native":false},{"column":32,"file":"node:internal/modules/cjs/loader","function":"Module.load","line":1208,"method":"load","native":false},{"column":12,"file":"node:internal/modules/cjs/loader","function":"Module._load","line":1024,"method":"_load","native":false},{"column":19,"file":"node:internal/modules/cjs/loader","function":"Module.require","line":1233,"method":"require","native":false}]}
{"date":"Fri Jan 31 2025 16:58:22 GMT+0800 (Philippine Standard Time)","error":{"diagnosticCodes":[2304]},"exception":true,"level":"error","message":"uncaughtException: ⨯ Unable to compile TypeScript:\n\u001b[96mservices/dashboard.services.ts\u001b[0m:\u001b[93m77\u001b[0m:\u001b[93m38\u001b[0m - \u001b[91merror\u001b[0m\u001b[90m TS2304: \u001b[0mCannot find name 'async'.\r\n\r\n\u001b[7m77\u001b[0m export const getQuestionPercentage = async()\r\n\u001b[7m  \u001b[0m \u001b[91m                                     ~~~~~\u001b[0m\r\n\nTSError: ⨯ Unable to compile TypeScript:\n\u001b[96mservices/dashboard.services.ts\u001b[0m:\u001b[93m77\u001b[0m:\u001b[93m38\u001b[0m - \u001b[91merror\u001b[0m\u001b[90m TS2304: \u001b[0mCannot find name 'async'.\r\n\r\n\u001b[7m77\u001b[0m export const getQuestionPercentage = async()\r\n\u001b[7m  \u001b[0m \u001b[91m                                     ~~~~~\u001b[0m\r\n\n    at createTSError (C:\\testify-api\\node_modules\\ts-node\\src\\index.ts:859:12)\n    at reportTSError (C:\\testify-api\\node_modules\\ts-node\\src\\index.ts:863:19)\n    at getOutput (C:\\testify-api\\node_modules\\ts-node\\src\\index.ts:1077:36)\n    at Object.compile (C:\\testify-api\\node_modules\\ts-node\\src\\index.ts:1433:41)\n    at Module.m._compile (C:\\testify-api\\node_modules\\ts-node\\src\\index.ts:1617:30)\n    at Module._extensions..js (node:internal/modules/cjs/loader:1416:10)\n    at Object.require.extensions.<computed> [as .ts] (C:\\testify-api\\node_modules\\ts-node\\src\\index.ts:1621:12)\n    at Module.load (node:internal/modules/cjs/loader:1208:32)\n    at Function.Module._load (node:internal/modules/cjs/loader:1024:12)\n    at Module.require (node:internal/modules/cjs/loader:1233:19)","os":{"loadavg":[0,0,0],"uptime":7948363.109},"process":{"argv":["C:\\testify-api\\node_modules\\ts-node\\dist\\bin.js","C:\\testify-api\\app.ts"],"cwd":"C:\\testify-api","execPath":"C:\\Program Files\\nodejs\\node.exe","gid":null,"memoryUsage":{"arrayBuffers":4655215,"external":7517219,"heapTotal":229986304,"heapUsed":197344920,"rss":279719936},"pid":13804,"uid":null,"version":"v20.16.0"},"stack":"TSError: ⨯ Unable to compile TypeScript:\n\u001b[96mservices/dashboard.services.ts\u001b[0m:\u001b[93m77\u001b[0m:\u001b[93m38\u001b[0m - \u001b[91merror\u001b[0m\u001b[90m TS2304: \u001b[0mCannot find name 'async'.\r\n\r\n\u001b[7m77\u001b[0m export const getQuestionPercentage = async()\r\n\u001b[7m  \u001b[0m \u001b[91m                                     ~~~~~\u001b[0m\r\n\n    at createTSError (C:\\testify-api\\node_modules\\ts-node\\src\\index.ts:859:12)\n    at reportTSError (C:\\testify-api\\node_modules\\ts-node\\src\\index.ts:863:19)\n    at getOutput (C:\\testify-api\\node_modules\\ts-node\\src\\index.ts:1077:36)\n    at Object.compile (C:\\testify-api\\node_modules\\ts-node\\src\\index.ts:1433:41)\n    at Module.m._compile (C:\\testify-api\\node_modules\\ts-node\\src\\index.ts:1617:30)\n    at Module._extensions..js (node:internal/modules/cjs/loader:1416:10)\n    at Object.require.extensions.<computed> [as .ts] (C:\\testify-api\\node_modules\\ts-node\\src\\index.ts:1621:12)\n    at Module.load (node:internal/modules/cjs/loader:1208:32)\n    at Function.Module._load (node:internal/modules/cjs/loader:1024:12)\n    at Module.require (node:internal/modules/cjs/loader:1233:19)","timestamp":"2025-01-31T08:58:22.154Z","trace":[{"column":12,"file":"C:\\testify-api\\node_modules\\ts-node\\src\\index.ts","function":"createTSError","line":859,"method":null,"native":false},{"column":19,"file":"C:\\testify-api\\node_modules\\ts-node\\src\\index.ts","function":"reportTSError","line":863,"method":null,"native":false},{"column":36,"file":"C:\\testify-api\\node_modules\\ts-node\\src\\index.ts","function":"getOutput","line":1077,"method":null,"native":false},{"column":41,"file":"C:\\testify-api\\node_modules\\ts-node\\src\\index.ts","function":"Object.compile","line":1433,"method":"compile","native":false},{"column":30,"file":"C:\\testify-api\\node_modules\\ts-node\\src\\index.ts","function":"Module.m._compile","line":1617,"method":"_compile","native":false},{"column":10,"file":"node:internal/modules/cjs/loader","function":"Module._extensions..js","line":1416,"method":".js","native":false},{"column":12,"file":"C:\\testify-api\\node_modules\\ts-node\\src\\index.ts","function":"Object.require.extensions.<computed> [as .ts]","line":1621,"method":"ts]","native":false},{"column":32,"file":"node:internal/modules/cjs/loader","function":"Module.load","line":1208,"method":"load","native":false},{"column":12,"file":"node:internal/modules/cjs/loader","function":"Module._load","line":1024,"method":"_load","native":false},{"column":19,"file":"node:internal/modules/cjs/loader","function":"Module.require","line":1233,"method":"require","native":false}]}
{"body":{},"level":"error","message":"Error during request processing: Do not know how to serialize a BigInt","method":"GET","params":{},"route":"/api/v1/dashboard/summary","stack":"TypeError: Do not know how to serialize a BigInt\n    at JSON.stringify (<anonymous>)\n    at stringify (C:\\testify-api\\node_modules\\express\\lib\\response.js:1160:12)\n    at ServerResponse.json (C:\\testify-api\\node_modules\\express\\lib\\response.js:271:14)\n    at C:\\testify-api\\controllers\\dashboard.controller.ts:40:28\n    at Generator.next (<anonymous>)\n    at fulfilled (C:\\testify-api\\controllers\\dashboard.controller.ts:28:58)","timestamp":"2025-01-31T09:35:53.768Z"}
{"level":"error","message":"\u001b[90mGET /api/v1/dashboard/summary\u001b[39m \u001b[31m500\u001b[39m \u001b[90m155ms\u001b[39m","meta":{"req":{"headers":{"accept":"*/*","accept-encoding":"gzip, deflate, br, zstd","accept-language":"en-US,en;q=0.9","authorization":"Bearer eyJhbGciOiJIUzI1NiIsInR5cCI6IkpXVCJ9.eyJpZCI6ImNtNmFlaW1qMTAwMDBrNXN3am5ieDg3NGkiLCJlbWFpbCI6bnVsbCwiZmlyc3RfbmFtZSI6ImFkbWluIiwibGFzdF9uYW1lIjoiYWRtaW4iLCJtaWRkbGVfbmFtZSI6ImFkbWluIiwicm9sZSI6ImFkbWluIiwiaWF0IjoxNzM4MzE2MTUzLCJleHAiOjE3MzgzMzQxNTN9.DorfbhYPeAqX-cZR8od8i28ilFxoiX_grV5ewSkTfto","connection":"keep-alive","host":"localhost:3030","if-none-match":"W/\"509-XOWts2wPsKgMa3ukH0ngNoZmm2U\"","origin":"http://localhost:3000","referer":"http://localhost:3000/","sec-ch-ua":"\"Not A(Brand\";v=\"8\", \"Chromium\";v=\"132\", \"Google Chrome\";v=\"132\"","sec-ch-ua-mobile":"?0","sec-ch-ua-platform":"\"Windows\"","sec-fetch-dest":"empty","sec-fetch-mode":"cors","sec-fetch-site":"same-site","user-agent":"Mozilla/5.0 (Windows NT 10.0; Win64; x64) AppleWebKit/537.36 (KHTML, like Gecko) Chrome/132.0.0.0 Safari/537.36"},"httpVersion":"1.1","method":"GET","originalUrl":"/api/v1/dashboard/summary","query":{},"url":"/api/v1/dashboard/summary"},"res":{"statusCode":500},"responseTime":155},"timestamp":"2025-01-31T09:35:53.771Z"}
{"body":{},"level":"error","message":"Error during request processing: Do not know how to serialize a BigInt","method":"GET","params":{},"route":"/api/v1/dashboard/summary","stack":"TypeError: Do not know how to serialize a BigInt\n    at JSON.stringify (<anonymous>)\n    at stringify (C:\\testify-api\\node_modules\\express\\lib\\response.js:1160:12)\n    at ServerResponse.json (C:\\testify-api\\node_modules\\express\\lib\\response.js:271:14)\n    at C:\\testify-api\\controllers\\dashboard.controller.ts:40:28\n    at Generator.next (<anonymous>)\n    at fulfilled (C:\\testify-api\\controllers\\dashboard.controller.ts:28:58)","timestamp":"2025-01-31T09:35:53.793Z"}
{"level":"error","message":"\u001b[90mGET /api/v1/dashboard/summary\u001b[39m \u001b[31m500\u001b[39m \u001b[90m21ms\u001b[39m","meta":{"req":{"headers":{"accept":"*/*","accept-encoding":"gzip, deflate, br, zstd","accept-language":"en-US,en;q=0.9","authorization":"Bearer eyJhbGciOiJIUzI1NiIsInR5cCI6IkpXVCJ9.eyJpZCI6ImNtNmFlaW1qMTAwMDBrNXN3am5ieDg3NGkiLCJlbWFpbCI6bnVsbCwiZmlyc3RfbmFtZSI6ImFkbWluIiwibGFzdF9uYW1lIjoiYWRtaW4iLCJtaWRkbGVfbmFtZSI6ImFkbWluIiwicm9sZSI6ImFkbWluIiwiaWF0IjoxNzM4MzE2MTUzLCJleHAiOjE3MzgzMzQxNTN9.DorfbhYPeAqX-cZR8od8i28ilFxoiX_grV5ewSkTfto","connection":"keep-alive","host":"localhost:3030","origin":"http://localhost:3000","referer":"http://localhost:3000/","sec-ch-ua":"\"Not A(Brand\";v=\"8\", \"Chromium\";v=\"132\", \"Google Chrome\";v=\"132\"","sec-ch-ua-mobile":"?0","sec-ch-ua-platform":"\"Windows\"","sec-fetch-dest":"empty","sec-fetch-mode":"cors","sec-fetch-site":"same-site","user-agent":"Mozilla/5.0 (Windows NT 10.0; Win64; x64) AppleWebKit/537.36 (KHTML, like Gecko) Chrome/132.0.0.0 Safari/537.36"},"httpVersion":"1.1","method":"GET","originalUrl":"/api/v1/dashboard/summary","query":{},"url":"/api/v1/dashboard/summary"},"res":{"statusCode":500},"responseTime":21},"timestamp":"2025-01-31T09:35:53.795Z"}
{"body":{},"level":"error","message":"Error during request processing: Do not know how to serialize a BigInt","method":"GET","params":{},"route":"/api/v1/dashboard/summary","stack":"TypeError: Do not know how to serialize a BigInt\n    at JSON.stringify (<anonymous>)\n    at stringify (C:\\testify-api\\node_modules\\express\\lib\\response.js:1160:12)\n    at ServerResponse.json (C:\\testify-api\\node_modules\\express\\lib\\response.js:271:14)\n    at C:\\testify-api\\controllers\\dashboard.controller.ts:40:28\n    at Generator.next (<anonymous>)\n    at fulfilled (C:\\testify-api\\controllers\\dashboard.controller.ts:28:58)","timestamp":"2025-01-31T09:36:09.384Z"}
{"level":"error","message":"\u001b[90mGET /api/v1/dashboard/summary\u001b[39m \u001b[31m500\u001b[39m \u001b[90m19ms\u001b[39m","meta":{"req":{"headers":{"accept":"*/*","accept-encoding":"gzip, deflate, br, zstd","accept-language":"en-US,en;q=0.9","authorization":"Bearer eyJhbGciOiJIUzI1NiIsInR5cCI6IkpXVCJ9.eyJpZCI6ImNtNmFlaW1qMTAwMDBrNXN3am5ieDg3NGkiLCJlbWFpbCI6bnVsbCwiZmlyc3RfbmFtZSI6ImFkbWluIiwibGFzdF9uYW1lIjoiYWRtaW4iLCJtaWRkbGVfbmFtZSI6ImFkbWluIiwicm9sZSI6ImFkbWluIiwiaWF0IjoxNzM4MzE2MTUzLCJleHAiOjE3MzgzMzQxNTN9.DorfbhYPeAqX-cZR8od8i28ilFxoiX_grV5ewSkTfto","connection":"keep-alive","host":"localhost:3030","origin":"http://localhost:3000","referer":"http://localhost:3000/","sec-ch-ua":"\"Not A(Brand\";v=\"8\", \"Chromium\";v=\"132\", \"Google Chrome\";v=\"132\"","sec-ch-ua-mobile":"?1","sec-ch-ua-platform":"\"Android\"","sec-fetch-dest":"empty","sec-fetch-mode":"cors","sec-fetch-site":"same-site","user-agent":"Mozilla/5.0 (Linux; Android 6.0; Nexus 5 Build/MRA58N) AppleWebKit/537.36 (KHTML, like Gecko) Chrome/132.0.0.0 Mobile Safari/537.36"},"httpVersion":"1.1","method":"GET","originalUrl":"/api/v1/dashboard/summary","query":{},"url":"/api/v1/dashboard/summary"},"res":{"statusCode":500},"responseTime":19},"timestamp":"2025-01-31T09:36:09.387Z"}
{"body":{},"level":"error","message":"Error during request processing: Do not know how to serialize a BigInt","method":"GET","params":{},"route":"/api/v1/dashboard/summary","stack":"TypeError: Do not know how to serialize a BigInt\n    at JSON.stringify (<anonymous>)\n    at stringify (C:\\testify-api\\node_modules\\express\\lib\\response.js:1160:12)\n    at ServerResponse.json (C:\\testify-api\\node_modules\\express\\lib\\response.js:271:14)\n    at C:\\testify-api\\controllers\\dashboard.controller.ts:40:28\n    at Generator.next (<anonymous>)\n    at fulfilled (C:\\testify-api\\controllers\\dashboard.controller.ts:28:58)","timestamp":"2025-01-31T09:36:09.412Z"}
{"level":"error","message":"\u001b[90mGET /api/v1/dashboard/summary\u001b[39m \u001b[31m500\u001b[39m \u001b[90m23ms\u001b[39m","meta":{"req":{"headers":{"accept":"*/*","accept-encoding":"gzip, deflate, br, zstd","accept-language":"en-US,en;q=0.9","authorization":"Bearer eyJhbGciOiJIUzI1NiIsInR5cCI6IkpXVCJ9.eyJpZCI6ImNtNmFlaW1qMTAwMDBrNXN3am5ieDg3NGkiLCJlbWFpbCI6bnVsbCwiZmlyc3RfbmFtZSI6ImFkbWluIiwibGFzdF9uYW1lIjoiYWRtaW4iLCJtaWRkbGVfbmFtZSI6ImFkbWluIiwicm9sZSI6ImFkbWluIiwiaWF0IjoxNzM4MzE2MTUzLCJleHAiOjE3MzgzMzQxNTN9.DorfbhYPeAqX-cZR8od8i28ilFxoiX_grV5ewSkTfto","connection":"keep-alive","host":"localhost:3030","origin":"http://localhost:3000","referer":"http://localhost:3000/","sec-ch-ua":"\"Not A(Brand\";v=\"8\", \"Chromium\";v=\"132\", \"Google Chrome\";v=\"132\"","sec-ch-ua-mobile":"?1","sec-ch-ua-platform":"\"Android\"","sec-fetch-dest":"empty","sec-fetch-mode":"cors","sec-fetch-site":"same-site","user-agent":"Mozilla/5.0 (Linux; Android 6.0; Nexus 5 Build/MRA58N) AppleWebKit/537.36 (KHTML, like Gecko) Chrome/132.0.0.0 Mobile Safari/537.36"},"httpVersion":"1.1","method":"GET","originalUrl":"/api/v1/dashboard/summary","query":{},"url":"/api/v1/dashboard/summary"},"res":{"statusCode":500},"responseTime":23},"timestamp":"2025-01-31T09:36:09.414Z"}
